<?xml version="1.0" encoding="UTF-8"?>
<coverage generated="1680767083905" clover="3.2.0">
  <project timestamp="1680767083905" name="All files">
    <metrics statements="53" coveredstatements="50" conditionals="47" coveredconditionals="25" methods="13" coveredmethods="12" elements="113" coveredelements="87" complexity="0" loc="53" ncloc="53" packages="2" files="2" classes="2"/>
    <package name="helpers">
      <metrics statements="32" coveredstatements="29" conditionals="45" coveredconditionals="24" methods="10" coveredmethods="9"/>
      <file name="auth-helper.ts" path="/Users/aleksandrfedorovic/Desktop/back/projects/with-nest/Inctagram/test/helpers/auth-helper.ts">
        <metrics statements="32" coveredstatements="29" conditionals="45" coveredconditionals="24" methods="10" coveredmethods="9"/>
        <line num="1" count="1" type="stmt"/>
        <line num="3" count="1" type="stmt"/>
        <line num="4" count="1" type="stmt"/>
        <line num="13" count="1" type="stmt"/>
        <line num="14" count="1" type="stmt"/>
        <line num="23" count="8" type="cond" truecount="3" falsecount="1"/>
        <line num="25" count="8" type="stmt"/>
        <line num="30" count="8" type="stmt"/>
        <line num="41" count="1" type="cond" truecount="3" falsecount="1"/>
        <line num="43" count="1" type="stmt"/>
        <line num="48" count="1" type="stmt"/>
        <line num="59" count="2" type="cond" truecount="3" falsecount="1"/>
        <line num="61" count="2" type="stmt"/>
        <line num="66" count="2" type="stmt"/>
        <line num="77" count="1" type="cond" truecount="3" falsecount="1"/>
        <line num="79" count="1" type="stmt"/>
        <line num="84" count="1" type="stmt"/>
        <line num="95" count="3" type="cond" truecount="3" falsecount="1"/>
        <line num="97" count="3" type="stmt"/>
        <line num="102" count="3" type="stmt"/>
        <line num="113" count="1" type="cond" truecount="3" falsecount="1"/>
        <line num="115" count="1" type="stmt"/>
        <line num="120" count="1" type="stmt"/>
        <line num="131" count="2" type="cond" truecount="3" falsecount="1"/>
        <line num="133" count="2" type="stmt"/>
        <line num="138" count="2" type="stmt"/>
        <line num="149" count="3" type="cond" truecount="3" falsecount="1"/>
        <line num="151" count="3" type="stmt"/>
        <line num="156" count="3" type="stmt"/>
        <line num="167" count="0" type="cond" truecount="0" falsecount="4"/>
        <line num="169" count="0" type="stmt"/>
        <line num="174" count="0" type="stmt"/>
      </file>
    </package>
    <package name="utils">
      <metrics statements="21" coveredstatements="21" conditionals="2" coveredconditionals="1" methods="3" coveredmethods="3"/>
      <file name="tests.utils.ts" path="/Users/aleksandrfedorovic/Desktop/back/projects/with-nest/Inctagram/test/utils/tests.utils.ts">
        <metrics statements="21" coveredstatements="21" conditionals="2" coveredconditionals="1" methods="3" coveredmethods="3"/>
        <line num="1" count="1" type="stmt"/>
        <line num="2" count="1" type="stmt"/>
        <line num="3" count="1" type="stmt"/>
        <line num="4" count="1" type="stmt"/>
        <line num="5" count="1" type="stmt"/>
        <line num="18" count="1" type="stmt"/>
        <line num="19" count="1" type="stmt"/>
        <line num="20" count="1" type="stmt"/>
        <line num="21" count="4" type="stmt"/>
        <line num="22" count="4" type="stmt"/>
        <line num="26" count="1" type="stmt"/>
        <line num="30" count="1" type="stmt"/>
        <line num="33" count="1" type="cond" truecount="0" falsecount="1"/>
        <line num="34" count="2" type="cond" truecount="1" falsecount="0"/>
        <line num="35" count="1" type="stmt"/>
        <line num="36" count="1" type="stmt"/>
        <line num="37" count="1" type="stmt"/>
        <line num="38" count="1" type="stmt"/>
        <line num="39" count="1" type="stmt"/>
        <line num="40" count="1" type="stmt"/>
        <line num="41" count="1" type="stmt"/>
      </file>
    </package>
  </project>
</coverage>
