{"/Users/aleksandrfedorovic/Desktop/back/projects/with-nest/Inctagram/test/helpers/auth-helper.ts": {"path":"/Users/aleksandrfedorovic/Desktop/back/projects/with-nest/Inctagram/test/helpers/auth-helper.ts","statementMap":{"0":{"start":{"line":1,"column":0},"end":{"line":1,"column":62}},"1":{"start":{"line":3,"column":0},"end":{"line":3,"column":32}},"2":{"start":{"line":4,"column":0},"end":{"line":4,"column":72}},"3":{"start":{"line":14,"column":31},"end":{"line":14,"column":52}},"4":{"start":{"line":23,"column":25},"end":{"line":23,"column":66}},"5":{"start":{"line":25,"column":21},"end":{"line":28,"column":27}},"6":{"start":{"line":30,"column":4},"end":{"line":30,"column":25}},"7":{"start":{"line":41,"column":25},"end":{"line":41,"column":74}},"8":{"start":{"line":43,"column":21},"end":{"line":46,"column":27}},"9":{"start":{"line":48,"column":4},"end":{"line":48,"column":25}},"10":{"start":{"line":59,"column":25},"end":{"line":59,"column":74}},"11":{"start":{"line":61,"column":21},"end":{"line":64,"column":27}},"12":{"start":{"line":66,"column":4},"end":{"line":66,"column":25}},"13":{"start":{"line":77,"column":25},"end":{"line":77,"column":66}},"14":{"start":{"line":79,"column":21},"end":{"line":82,"column":27}},"15":{"start":{"line":84,"column":4},"end":{"line":84,"column":25}},"16":{"start":{"line":95,"column":25},"end":{"line":95,"column":74}},"17":{"start":{"line":97,"column":21},"end":{"line":100,"column":27}},"18":{"start":{"line":102,"column":4},"end":{"line":102,"column":25}},"19":{"start":{"line":113,"column":25},"end":{"line":113,"column":66}},"20":{"start":{"line":115,"column":21},"end":{"line":118,"column":27}},"21":{"start":{"line":120,"column":4},"end":{"line":120,"column":25}},"22":{"start":{"line":131,"column":25},"end":{"line":131,"column":74}},"23":{"start":{"line":133,"column":21},"end":{"line":136,"column":27}},"24":{"start":{"line":138,"column":4},"end":{"line":138,"column":25}},"25":{"start":{"line":149,"column":25},"end":{"line":149,"column":74}},"26":{"start":{"line":151,"column":21},"end":{"line":154,"column":27}},"27":{"start":{"line":156,"column":4},"end":{"line":156,"column":25}},"28":{"start":{"line":167,"column":25},"end":{"line":167,"column":74}},"29":{"start":{"line":169,"column":21},"end":{"line":172,"column":27}},"30":{"start":{"line":174,"column":4},"end":{"line":174,"column":25}},"31":{"start":{"line":13,"column":0},"end":{"line":13,"column":13}}},"fnMap":{"0":{"name":"(anonymous_1)","decl":{"start":{"line":14,"column":2},"end":{"line":14,"column":31}},"loc":{"start":{"line":14,"column":52},"end":{"line":14,"column":56}}},"1":{"name":"(anonymous_2)","decl":{"start":{"line":15,"column":2},"end":{"line":15,"column":7}},"loc":{"start":{"line":20,"column":10},"end":{"line":31,"column":3}}},"2":{"name":"(anonymous_3)","decl":{"start":{"line":33,"column":2},"end":{"line":33,"column":7}},"loc":{"start":{"line":38,"column":10},"end":{"line":49,"column":3}}},"3":{"name":"(anonymous_4)","decl":{"start":{"line":51,"column":2},"end":{"line":51,"column":7}},"loc":{"start":{"line":56,"column":10},"end":{"line":67,"column":3}}},"4":{"name":"(anonymous_5)","decl":{"start":{"line":69,"column":2},"end":{"line":69,"column":7}},"loc":{"start":{"line":74,"column":10},"end":{"line":85,"column":3}}},"5":{"name":"(anonymous_6)","decl":{"start":{"line":87,"column":2},"end":{"line":87,"column":7}},"loc":{"start":{"line":92,"column":10},"end":{"line":103,"column":3}}},"6":{"name":"(anonymous_7)","decl":{"start":{"line":105,"column":2},"end":{"line":105,"column":7}},"loc":{"start":{"line":110,"column":10},"end":{"line":121,"column":3}}},"7":{"name":"(anonymous_8)","decl":{"start":{"line":123,"column":2},"end":{"line":123,"column":7}},"loc":{"start":{"line":128,"column":10},"end":{"line":139,"column":3}}},"8":{"name":"(anonymous_9)","decl":{"start":{"line":141,"column":2},"end":{"line":141,"column":7}},"loc":{"start":{"line":146,"column":10},"end":{"line":157,"column":3}}},"9":{"name":"(anonymous_10)","decl":{"start":{"line":159,"column":2},"end":{"line":159,"column":7}},"loc":{"start":{"line":164,"column":10},"end":{"line":175,"column":3}}}},"branchMap":{"0":{"loc":{"start":{"line":17,"column":4},"end":{"line":20,"column":10}},"type":"default-arg","locations":[{"start":{"line":20,"column":8},"end":{"line":20,"column":10}}]},"1":{"loc":{"start":{"line":23,"column":25},"end":{"line":23,"column":66}},"type":"cond-expr","locations":[{"start":{"line":23,"column":44},"end":{"line":23,"column":48}},{"start":{"line":23,"column":48},"end":{"line":23,"column":66}}]},"2":{"loc":{"start":{"line":23,"column":25},"end":{"line":23,"column":48}},"type":"binary-expr","locations":[{"start":{"line":23,"column":25},"end":{"line":23,"column":48}},{"start":{"line":23,"column":44},"end":{"line":23,"column":48}}]},"3":{"loc":{"start":{"line":35,"column":4},"end":{"line":38,"column":10}},"type":"default-arg","locations":[{"start":{"line":38,"column":8},"end":{"line":38,"column":10}}]},"4":{"loc":{"start":{"line":41,"column":25},"end":{"line":41,"column":74}},"type":"cond-expr","locations":[{"start":{"line":41,"column":44},"end":{"line":41,"column":74}},{"start":{"line":41,"column":44},"end":{"line":41,"column":74}}]},"5":{"loc":{"start":{"line":41,"column":25},"end":{"line":41,"column":74}},"type":"binary-expr","locations":[{"start":{"line":41,"column":25},"end":{"line":41,"column":74}},{"start":{"line":41,"column":44},"end":{"line":41,"column":74}}]},"6":{"loc":{"start":{"line":53,"column":4},"end":{"line":56,"column":10}},"type":"default-arg","locations":[{"start":{"line":56,"column":8},"end":{"line":56,"column":10}}]},"7":{"loc":{"start":{"line":59,"column":25},"end":{"line":59,"column":74}},"type":"cond-expr","locations":[{"start":{"line":59,"column":44},"end":{"line":59,"column":74}},{"start":{"line":59,"column":44},"end":{"line":59,"column":74}}]},"8":{"loc":{"start":{"line":59,"column":25},"end":{"line":59,"column":74}},"type":"binary-expr","locations":[{"start":{"line":59,"column":25},"end":{"line":59,"column":74}},{"start":{"line":59,"column":44},"end":{"line":59,"column":74}}]},"9":{"loc":{"start":{"line":71,"column":4},"end":{"line":74,"column":10}},"type":"default-arg","locations":[{"start":{"line":74,"column":8},"end":{"line":74,"column":10}}]},"10":{"loc":{"start":{"line":77,"column":25},"end":{"line":77,"column":66}},"type":"cond-expr","locations":[{"start":{"line":77,"column":44},"end":{"line":77,"column":66}},{"start":{"line":77,"column":44},"end":{"line":77,"column":66}}]},"11":{"loc":{"start":{"line":77,"column":25},"end":{"line":77,"column":66}},"type":"binary-expr","locations":[{"start":{"line":77,"column":25},"end":{"line":77,"column":66}},{"start":{"line":77,"column":44},"end":{"line":77,"column":66}}]},"12":{"loc":{"start":{"line":89,"column":4},"end":{"line":92,"column":10}},"type":"default-arg","locations":[{"start":{"line":92,"column":8},"end":{"line":92,"column":10}}]},"13":{"loc":{"start":{"line":95,"column":25},"end":{"line":95,"column":74}},"type":"cond-expr","locations":[{"start":{"line":95,"column":44},"end":{"line":95,"column":74}},{"start":{"line":95,"column":44},"end":{"line":95,"column":74}}]},"14":{"loc":{"start":{"line":95,"column":25},"end":{"line":95,"column":74}},"type":"binary-expr","locations":[{"start":{"line":95,"column":25},"end":{"line":95,"column":74}},{"start":{"line":95,"column":44},"end":{"line":95,"column":74}}]},"15":{"loc":{"start":{"line":107,"column":4},"end":{"line":110,"column":10}},"type":"default-arg","locations":[{"start":{"line":110,"column":8},"end":{"line":110,"column":10}}]},"16":{"loc":{"start":{"line":113,"column":25},"end":{"line":113,"column":66}},"type":"cond-expr","locations":[{"start":{"line":113,"column":44},"end":{"line":113,"column":66}},{"start":{"line":113,"column":44},"end":{"line":113,"column":66}}]},"17":{"loc":{"start":{"line":113,"column":25},"end":{"line":113,"column":66}},"type":"binary-expr","locations":[{"start":{"line":113,"column":25},"end":{"line":113,"column":66}},{"start":{"line":113,"column":44},"end":{"line":113,"column":66}}]},"18":{"loc":{"start":{"line":125,"column":4},"end":{"line":128,"column":10}},"type":"default-arg","locations":[{"start":{"line":128,"column":8},"end":{"line":128,"column":10}}]},"19":{"loc":{"start":{"line":131,"column":25},"end":{"line":131,"column":74}},"type":"cond-expr","locations":[{"start":{"line":131,"column":44},"end":{"line":131,"column":74}},{"start":{"line":131,"column":44},"end":{"line":131,"column":74}}]},"20":{"loc":{"start":{"line":131,"column":25},"end":{"line":131,"column":74}},"type":"binary-expr","locations":[{"start":{"line":131,"column":25},"end":{"line":131,"column":74}},{"start":{"line":131,"column":44},"end":{"line":131,"column":74}}]},"21":{"loc":{"start":{"line":143,"column":4},"end":{"line":146,"column":10}},"type":"default-arg","locations":[{"start":{"line":146,"column":8},"end":{"line":146,"column":10}}]},"22":{"loc":{"start":{"line":149,"column":25},"end":{"line":149,"column":74}},"type":"cond-expr","locations":[{"start":{"line":149,"column":44},"end":{"line":149,"column":74}},{"start":{"line":149,"column":44},"end":{"line":149,"column":74}}]},"23":{"loc":{"start":{"line":149,"column":25},"end":{"line":149,"column":74}},"type":"binary-expr","locations":[{"start":{"line":149,"column":25},"end":{"line":149,"column":74}},{"start":{"line":149,"column":44},"end":{"line":149,"column":74}}]},"24":{"loc":{"start":{"line":161,"column":4},"end":{"line":164,"column":10}},"type":"default-arg","locations":[{"start":{"line":164,"column":8},"end":{"line":164,"column":10}}]},"25":{"loc":{"start":{"line":167,"column":25},"end":{"line":167,"column":74}},"type":"cond-expr","locations":[{"start":{"line":167,"column":44},"end":{"line":167,"column":74}},{"start":{"line":167,"column":44},"end":{"line":167,"column":74}}]},"26":{"loc":{"start":{"line":167,"column":25},"end":{"line":167,"column":74}},"type":"binary-expr","locations":[{"start":{"line":167,"column":25},"end":{"line":167,"column":74}},{"start":{"line":167,"column":44},"end":{"line":167,"column":74}}]}},"s":{"0":1,"1":1,"2":1,"3":1,"4":8,"5":8,"6":8,"7":1,"8":1,"9":1,"10":2,"11":2,"12":2,"13":1,"14":1,"15":1,"16":3,"17":3,"18":3,"19":1,"20":1,"21":1,"22":2,"23":2,"24":2,"25":3,"26":3,"27":3,"28":0,"29":0,"30":0,"31":1},"f":{"0":1,"1":8,"2":1,"3":2,"4":1,"5":3,"6":1,"7":2,"8":3,"9":0},"b":{"0":[0],"1":[8,0],"2":[8,8],"3":[0],"4":[1,0],"5":[1,1],"6":[0],"7":[2,0],"8":[2,2],"9":[0],"10":[1,0],"11":[1,1],"12":[0],"13":[3,0],"14":[3,3],"15":[0],"16":[1,0],"17":[1,1],"18":[0],"19":[2,0],"20":[2,2],"21":[0],"22":[3,0],"23":[3,3],"24":[0],"25":[0,0],"26":[0,0]}}
,"/Users/aleksandrfedorovic/Desktop/back/projects/with-nest/Inctagram/test/utils/tests.utils.ts": {"path":"/Users/aleksandrfedorovic/Desktop/back/projects/with-nest/Inctagram/test/utils/tests.utils.ts","statementMap":{"0":{"start":{"line":1,"column":0},"end":{"line":1,"column":61}},"1":{"start":{"line":2,"column":0},"end":{"line":2,"column":49}},"2":{"start":{"line":3,"column":0},"end":{"line":3,"column":63}},"3":{"start":{"line":4,"column":0},"end":{"line":4,"column":37}},"4":{"start":{"line":5,"column":0},"end":{"line":5,"column":72}},"5":{"start":{"line":19,"column":19},"end":{"line":19,"column":45}},"6":{"start":{"line":20,"column":2},"end":{"line":23,"column":null}},"7":{"start":{"line":21,"column":23},"end":{"line":21,"column":60}},"8":{"start":{"line":22,"column":4},"end":{"line":22,"column":76}},"9":{"start":{"line":18,"column":0},"end":{"line":18,"column":7}},"10":{"start":{"line":26,"column":35},"end":{"line":42,"column":1}},"11":{"start":{"line":30,"column":40},"end":{"line":32,"column":4}},"12":{"start":{"line":33,"column":2},"end":{"line":33,"column":56}},"13":{"start":{"line":33,"column":26},"end":{"line":33,"column":56}},"14":{"start":{"line":34,"column":2},"end":{"line":34,"column":102}},"15":{"start":{"line":34,"column":17},"end":{"line":34,"column":102}},"16":{"start":{"line":34,"column":86},"end":{"line":34,"column":98}},"17":{"start":{"line":35,"column":21},"end":{"line":35,"column":46}},"18":{"start":{"line":36,"column":14},"end":{"line":36,"column":48}},"19":{"start":{"line":37,"column":2},"end":{"line":37,"column":17}},"20":{"start":{"line":38,"column":2},"end":{"line":38,"column":19}},"21":{"start":{"line":39,"column":21},"end":{"line":39,"column":47}},"22":{"start":{"line":40,"column":2},"end":{"line":40,"column":37}},"23":{"start":{"line":41,"column":2},"end":{"line":41,"column":13}},"24":{"start":{"line":26,"column":13},"end":{"line":26,"column":35}}},"fnMap":{"0":{"name":"truncateDBTables","decl":{"start":{"line":18,"column":22},"end":{"line":18,"column":38}},"loc":{"start":{"line":18,"column":61},"end":{"line":24,"column":1}}},"1":{"name":"(anonymous_1)","decl":{"start":{"line":26,"column":35},"end":{"line":26,"column":40}},"loc":{"start":{"line":29,"column":4},"end":{"line":42,"column":1}}},"2":{"name":"(anonymous_2)","decl":{"start":{"line":34,"column":80},"end":{"line":34,"column":83}},"loc":{"start":{"line":34,"column":86},"end":{"line":34,"column":98}}}},"branchMap":{"0":{"loc":{"start":{"line":33,"column":2},"end":{"line":33,"column":56}},"type":"if","locations":[{"start":{"line":33,"column":2},"end":{"line":33,"column":56}}]},"1":{"loc":{"start":{"line":34,"column":2},"end":{"line":34,"column":102}},"type":"if","locations":[{"start":{"line":34,"column":2},"end":{"line":34,"column":102}}]}},"s":{"0":1,"1":1,"2":1,"3":1,"4":1,"5":1,"6":1,"7":4,"8":4,"9":1,"10":1,"11":1,"12":1,"13":0,"14":1,"15":1,"16":2,"17":1,"18":1,"19":1,"20":1,"21":1,"22":1,"23":1,"24":1},"f":{"0":1,"1":1,"2":2},"b":{"0":[0],"1":[1]}}
}
