{"/Users/aleksandrfedorovic/Desktop/back/projects/with-nest/Inctagram/test/helpers/users-helper.ts": {"path":"/Users/aleksandrfedorovic/Desktop/back/projects/with-nest/Inctagram/test/helpers/users-helper.ts","statementMap":{"0":{"start":{"line":2,"column":0},"end":{"line":2,"column":32}},"1":{"start":{"line":4,"column":0},"end":{"line":4,"column":70}},"2":{"start":{"line":7,"column":31},"end":{"line":7,"column":52}},"3":{"start":{"line":10,"column":19},"end":{"line":10,"column":112}},"4":{"start":{"line":11,"column":4},"end":{"line":11,"column":23}},"5":{"start":{"line":15,"column":19},"end":{"line":18,"column":38}},"6":{"start":{"line":19,"column":4},"end":{"line":19,"column":23}},"7":{"start":{"line":23,"column":19},"end":{"line":23,"column":118}},"8":{"start":{"line":24,"column":4},"end":{"line":24,"column":23}},"9":{"start":{"line":6,"column":0},"end":{"line":6,"column":13}}},"fnMap":{"0":{"name":"(anonymous_1)","decl":{"start":{"line":7,"column":2},"end":{"line":7,"column":31}},"loc":{"start":{"line":7,"column":52},"end":{"line":7,"column":56}}},"1":{"name":"(anonymous_2)","decl":{"start":{"line":9,"column":2},"end":{"line":9,"column":7}},"loc":{"start":{"line":9,"column":17},"end":{"line":12,"column":3}}},"2":{"name":"(anonymous_3)","decl":{"start":{"line":14,"column":2},"end":{"line":14,"column":7}},"loc":{"start":{"line":14,"column":18},"end":{"line":20,"column":3}}},"3":{"name":"(anonymous_4)","decl":{"start":{"line":22,"column":2},"end":{"line":22,"column":7}},"loc":{"start":{"line":22,"column":29},"end":{"line":25,"column":3}}}},"branchMap":{},"s":{"0":1,"1":1,"2":1,"3":1,"4":1,"5":1,"6":1,"7":1,"8":1,"9":1},"f":{"0":1,"1":1,"2":1,"3":1},"b":{}}
,"/Users/aleksandrfedorovic/Desktop/back/projects/with-nest/Inctagram/test/utils/tests.utils.ts": {"path":"/Users/aleksandrfedorovic/Desktop/back/projects/with-nest/Inctagram/test/utils/tests.utils.ts","statementMap":{"0":{"start":{"line":1,"column":0},"end":{"line":1,"column":61}},"1":{"start":{"line":2,"column":0},"end":{"line":2,"column":49}},"2":{"start":{"line":3,"column":0},"end":{"line":3,"column":63}},"3":{"start":{"line":4,"column":0},"end":{"line":4,"column":37}},"4":{"start":{"line":5,"column":0},"end":{"line":5,"column":72}},"5":{"start":{"line":19,"column":19},"end":{"line":19,"column":45}},"6":{"start":{"line":20,"column":2},"end":{"line":23,"column":null}},"7":{"start":{"line":21,"column":23},"end":{"line":21,"column":60}},"8":{"start":{"line":22,"column":4},"end":{"line":22,"column":76}},"9":{"start":{"line":18,"column":0},"end":{"line":18,"column":7}},"10":{"start":{"line":26,"column":35},"end":{"line":42,"column":1}},"11":{"start":{"line":30,"column":40},"end":{"line":32,"column":4}},"12":{"start":{"line":33,"column":2},"end":{"line":33,"column":56}},"13":{"start":{"line":33,"column":26},"end":{"line":33,"column":56}},"14":{"start":{"line":34,"column":2},"end":{"line":34,"column":102}},"15":{"start":{"line":34,"column":17},"end":{"line":34,"column":102}},"16":{"start":{"line":34,"column":86},"end":{"line":34,"column":98}},"17":{"start":{"line":35,"column":21},"end":{"line":35,"column":46}},"18":{"start":{"line":36,"column":14},"end":{"line":36,"column":48}},"19":{"start":{"line":37,"column":2},"end":{"line":37,"column":17}},"20":{"start":{"line":38,"column":2},"end":{"line":38,"column":19}},"21":{"start":{"line":39,"column":21},"end":{"line":39,"column":47}},"22":{"start":{"line":40,"column":2},"end":{"line":40,"column":37}},"23":{"start":{"line":41,"column":2},"end":{"line":41,"column":13}},"24":{"start":{"line":26,"column":13},"end":{"line":26,"column":35}}},"fnMap":{"0":{"name":"truncateDBTables","decl":{"start":{"line":18,"column":22},"end":{"line":18,"column":38}},"loc":{"start":{"line":18,"column":61},"end":{"line":24,"column":1}}},"1":{"name":"(anonymous_1)","decl":{"start":{"line":26,"column":35},"end":{"line":26,"column":40}},"loc":{"start":{"line":29,"column":4},"end":{"line":42,"column":1}}},"2":{"name":"(anonymous_2)","decl":{"start":{"line":34,"column":80},"end":{"line":34,"column":83}},"loc":{"start":{"line":34,"column":86},"end":{"line":34,"column":98}}}},"branchMap":{"0":{"loc":{"start":{"line":33,"column":2},"end":{"line":33,"column":56}},"type":"if","locations":[{"start":{"line":33,"column":2},"end":{"line":33,"column":56}}]},"1":{"loc":{"start":{"line":34,"column":2},"end":{"line":34,"column":102}},"type":"if","locations":[{"start":{"line":34,"column":2},"end":{"line":34,"column":102}}]}},"s":{"0":1,"1":1,"2":1,"3":1,"4":1,"5":1,"6":1,"7":4,"8":4,"9":1,"10":1,"11":1,"12":1,"13":0,"14":1,"15":1,"16":0,"17":1,"18":1,"19":1,"20":1,"21":1,"22":1,"23":1,"24":1},"f":{"0":1,"1":1,"2":0},"b":{"0":[0],"1":[1]}}
}
