TN:
SF:test/helpers/auth-helper.ts
FN:14,(anonymous_1)
FN:15,(anonymous_2)
FN:33,(anonymous_3)
FN:51,(anonymous_4)
FN:69,(anonymous_5)
FN:87,(anonymous_6)
FN:105,(anonymous_7)
FN:123,(anonymous_8)
FN:141,(anonymous_9)
FN:159,(anonymous_10)
FNF:10
FNH:9
FNDA:1,(anonymous_1)
FNDA:8,(anonymous_2)
FNDA:1,(anonymous_3)
FNDA:2,(anonymous_4)
FNDA:1,(anonymous_5)
FNDA:3,(anonymous_6)
FNDA:1,(anonymous_7)
FNDA:2,(anonymous_8)
FNDA:3,(anonymous_9)
FNDA:0,(anonymous_10)
DA:1,1
DA:3,1
DA:4,1
DA:13,1
DA:14,1
DA:23,8
DA:25,8
DA:30,8
DA:41,1
DA:43,1
DA:48,1
DA:59,2
DA:61,2
DA:66,2
DA:77,1
DA:79,1
DA:84,1
DA:95,3
DA:97,3
DA:102,3
DA:113,1
DA:115,1
DA:120,1
DA:131,2
DA:133,2
DA:138,2
DA:149,3
DA:151,3
DA:156,3
DA:167,0
DA:169,0
DA:174,0
LF:32
LH:29
BRDA:17,0,0,0
BRDA:23,1,0,8
BRDA:23,1,1,0
BRDA:23,2,0,8
BRDA:23,2,1,8
BRDA:35,3,0,0
BRDA:41,4,0,1
BRDA:41,4,1,0
BRDA:41,5,0,1
BRDA:41,5,1,1
BRDA:53,6,0,0
BRDA:59,7,0,2
BRDA:59,7,1,0
BRDA:59,8,0,2
BRDA:59,8,1,2
BRDA:71,9,0,0
BRDA:77,10,0,1
BRDA:77,10,1,0
BRDA:77,11,0,1
BRDA:77,11,1,1
BRDA:89,12,0,0
BRDA:95,13,0,3
BRDA:95,13,1,0
BRDA:95,14,0,3
BRDA:95,14,1,3
BRDA:107,15,0,0
BRDA:113,16,0,1
BRDA:113,16,1,0
BRDA:113,17,0,1
BRDA:113,17,1,1
BRDA:125,18,0,0
BRDA:131,19,0,2
BRDA:131,19,1,0
BRDA:131,20,0,2
BRDA:131,20,1,2
BRDA:143,21,0,0
BRDA:149,22,0,3
BRDA:149,22,1,0
BRDA:149,23,0,3
BRDA:149,23,1,3
BRDA:161,24,0,0
BRDA:167,25,0,0
BRDA:167,25,1,0
BRDA:167,26,0,0
BRDA:167,26,1,0
BRF:45
BRH:24
end_of_record
TN:
SF:test/utils/tests.utils.ts
FN:18,truncateDBTables
FN:26,(anonymous_1)
FN:34,(anonymous_2)
FNF:3
FNH:3
FNDA:1,truncateDBTables
FNDA:1,(anonymous_1)
FNDA:2,(anonymous_2)
DA:1,1
DA:2,1
DA:3,1
DA:4,1
DA:5,1
DA:18,1
DA:19,1
DA:20,1
DA:21,4
DA:22,4
DA:26,1
DA:30,1
DA:33,1
DA:34,2
DA:35,1
DA:36,1
DA:37,1
DA:38,1
DA:39,1
DA:40,1
DA:41,1
LF:21
LH:21
BRDA:33,0,0,0
BRDA:34,1,0,1
BRF:2
BRH:1
end_of_record
